<?xml version="1.0" encoding="UTF-8"?>
<!-- Generated by org.testng.reporters.JUnitReportReporter -->
<testsuite hostname="VINYA" failures="0" tests="1" name="elftraining.toyotaTest" time="16.532" errors="0" timestamp="2022-12-08T12:06:38 IST" skipped="0">
  <testcase classname="elftraining.toyotaTest" name="toyota" time="16.532"/>
  <system-out/>
</testsuite> <!-- elftraining.toyotaTest -->
