<?xml version="1.0" encoding="UTF-8"?>
<!-- Generated by org.testng.reporters.JUnitReportReporter -->
<testsuite hostname="VINYA" failures="0" tests="1" name="elftraining.SuzukiTest" time="13.006" errors="0" timestamp="2022-12-08T12:06:38 IST" skipped="0">
  <testcase classname="elftraining.SuzukiTest" name="suzuki" time="13.006"/>
  <system-out/>
</testsuite> <!-- elftraining.SuzukiTest -->
