<?xml version="1.0" encoding="UTF-8"?>
<!-- Generated by org.testng.reporters.JUnitReportReporter -->
<testsuite hostname="VINYA" failures="0" tests="1" name="samplemaven_Project_ELF39_Pack.Demowebshop_LoginTest" time="7.297" errors="0" timestamp="2022-12-06T18:04:55 IST" skipped="0">
  <testcase classname="samplemaven_Project_ELF39_Pack.Demowebshop_LoginTest" name="TC03" time="7.297"/>
  <system-out/>
</testsuite> <!-- samplemaven_Project_ELF39_Pack.Demowebshop_LoginTest -->
