<?xml version="1.0" encoding="UTF-8"?>
<!-- Generated by org.testng.reporters.JUnitReportReporter -->
<testsuite hostname="VINYA" failures="0" tests="1" name="elftraining.MahindraTest" time="11.059" errors="0" timestamp="2022-12-08T12:06:38 IST" skipped="0">
  <testcase classname="elftraining.MahindraTest" name="mahindra" time="11.059"/>
  <system-out/>
</testsuite> <!-- elftraining.MahindraTest -->
