<?xml version="1.0" encoding="UTF-8"?>
<!-- Generated by org.testng.reporters.JUnitReportReporter -->
<testsuite hostname="VINYA" failures="0" tests="1" name="elftraining.HyundaiTest" time="13.981" errors="0" timestamp="2022-12-08T12:06:38 IST" skipped="0">
  <testcase classname="elftraining.HyundaiTest" name="hyundai" time="13.981"/>
  <system-out/>
</testsuite> <!-- elftraining.HyundaiTest -->
